<?xml version="1.0" encoding="UTF-8"?>
<!-- Generated by org.testng.reporters.JUnitReportReporter -->
<testsuite skipped="0" hostname="RAMYA-PC" name="testCases.FreeCRMLogin" tests="3" failures="0" timestamp="29 May 2020 10:20:56 GMT" time="3.396" errors="0">
  <testcase name="calenderLink" time="2.796" classname="testCases.FreeCRMLogin"/>
  <testcase name="contactLink" time="0.340" classname="testCases.FreeCRMLogin"/>
  <testcase name="companiesLink" time="0.260" classname="testCases.FreeCRMLogin"/>
</testsuite> <!-- testCases.FreeCRMLogin -->
