<?xml version="1.0" encoding="UTF-8"?>
<!-- Generated by org.testng.reporters.JUnitReportReporter -->
<testsuite skipped="0" hostname="RAMYA-PC" name="testCases.FreeCRMLogin" tests="3" failures="0" timestamp="29 May 2020 09:24:53 GMT" time="2.041" errors="0">
  <testcase name="calenderLink" time="1.454" classname="testCases.FreeCRMLogin"/>
  <testcase name="contactLink" time="0.486" classname="testCases.FreeCRMLogin"/>
  <testcase name="companiesLink" time="0.101" classname="testCases.FreeCRMLogin"/>
</testsuite> <!-- testCases.FreeCRMLogin -->
