<?xml version="1.0" encoding="UTF-8"?>
<!-- Generated by org.testng.reporters.JUnitReportReporter -->
<testsuite skipped="0" hostname="RAMYA-PC" name="testCases.FreeCRMLogin" tests="3" failures="0" timestamp="31 May 2020 06:05:07 GMT" time="4.610" errors="0">
  <testcase name="calenderLink" time="4.330" classname="testCases.FreeCRMLogin"/>
  <testcase name="contactLink" time="0.169" classname="testCases.FreeCRMLogin"/>
  <testcase name="companiesLink" time="0.111" classname="testCases.FreeCRMLogin"/>
</testsuite> <!-- testCases.FreeCRMLogin -->
